<?xml version="1.0" encoding="UTF-8"?>
<testsuite xmlns:xsi="http://www.w3.org/2001/XMLSchema-instance" xsi:noNamespaceSchemaLocation="https://maven.apache.org/surefire/maven-surefire-plugin/xsd/surefire-test-report-3.0.xsd" version="3.0" name="fr.univavignon.pokedex.api.IPokemonTrainerFactoryTest" time="0.079" tests="1" errors="0" skipped="0" failures="0">
  <properties>
    <property name="java.specification.version" value="21"/>
    <property name="sun.jnu.encoding" value="UTF-8"/>
    <property name="java.class.path" value="/home/nas-wks01/users/uapv2001786/Bureau/TechTest/ceri-m1-techniques-de-test/target/test-classes:/home/nas-wks01/users/uapv2001786/Bureau/TechTest/ceri-m1-techniques-de-test/target/classes:/home/nas-wks01/users/uapv2001786/.m2/repository/junit/junit/4.13.2/junit-4.13.2.jar:/home/nas-wks01/users/uapv2001786/.m2/repository/org/hamcrest/hamcrest-core/1.3/hamcrest-core-1.3.jar:/home/nas-wks01/users/uapv2001786/.m2/repository/org/mockito/mockito-core/4.11.0/mockito-core-4.11.0.jar:/home/nas-wks01/users/uapv2001786/.m2/repository/net/bytebuddy/byte-buddy/1.12.19/byte-buddy-1.12.19.jar:/home/nas-wks01/users/uapv2001786/.m2/repository/net/bytebuddy/byte-buddy-agent/1.12.19/byte-buddy-agent-1.12.19.jar:/home/nas-wks01/users/uapv2001786/.m2/repository/org/objenesis/objenesis/3.3/objenesis-3.3.jar:/home/nas-wks01/users/uapv2001786/.m2/repository/org/mockito/mockito-inline/4.11.0/mockito-inline-4.11.0.jar:"/>
    <property name="java.vm.vendor" value="Oracle Corporation"/>
    <property name="sun.arch.data.model" value="64"/>
    <property name="java.vendor.url" value="https://java.oracle.com/"/>
    <property name="user.timezone" value="Europe/Paris"/>
    <property name="os.name" value="Linux"/>
    <property name="java.vm.specification.version" value="21"/>
    <property name="sun.java.launcher" value="SUN_STANDARD"/>
    <property name="user.country" value="FR"/>
    <property name="sun.boot.library.path" value="/home/nas-wks01/users/uapv2001786/.jdks/openjdk-21.0.1/lib"/>
    <property name="sun.java.command" value="/home/nas-wks01/users/uapv2001786/Bureau/TechTest/ceri-m1-techniques-de-test/target/surefire/surefirebooter-20241115091012662_3.jar /home/nas-wks01/users/uapv2001786/Bureau/TechTest/ceri-m1-techniques-de-test/target/surefire 2024-11-15T09-10-12_290-jvmRun1 surefire-20241115091012662_1tmp surefire_0-20241115091012662_2tmp"/>
    <property name="jdk.debug" value="release"/>
    <property name="surefire.test.class.path" value="/home/nas-wks01/users/uapv2001786/Bureau/TechTest/ceri-m1-techniques-de-test/target/test-classes:/home/nas-wks01/users/uapv2001786/Bureau/TechTest/ceri-m1-techniques-de-test/target/classes:/home/nas-wks01/users/uapv2001786/.m2/repository/junit/junit/4.13.2/junit-4.13.2.jar:/home/nas-wks01/users/uapv2001786/.m2/repository/org/hamcrest/hamcrest-core/1.3/hamcrest-core-1.3.jar:/home/nas-wks01/users/uapv2001786/.m2/repository/org/mockito/mockito-core/4.11.0/mockito-core-4.11.0.jar:/home/nas-wks01/users/uapv2001786/.m2/repository/net/bytebuddy/byte-buddy/1.12.19/byte-buddy-1.12.19.jar:/home/nas-wks01/users/uapv2001786/.m2/repository/net/bytebuddy/byte-buddy-agent/1.12.19/byte-buddy-agent-1.12.19.jar:/home/nas-wks01/users/uapv2001786/.m2/repository/org/objenesis/objenesis/3.3/objenesis-3.3.jar:/home/nas-wks01/users/uapv2001786/.m2/repository/org/mockito/mockito-inline/4.11.0/mockito-inline-4.11.0.jar:"/>
    <property name="sun.cpu.endian" value="little"/>
    <property name="user.home" value="/home/nas-wks01/users/uapv2001786"/>
    <property name="user.language" value="fr"/>
    <property name="java.specification.vendor" value="Oracle Corporation"/>
    <property name="java.version.date" value="2023-10-17"/>
    <property name="java.home" value="/home/nas-wks01/users/uapv2001786/.jdks/openjdk-21.0.1"/>
    <property name="file.separator" value="/"/>
    <property name="basedir" value="/home/nas-wks01/users/uapv2001786/Bureau/TechTest/ceri-m1-techniques-de-test"/>
    <property name="java.vm.compressedOopsMode" value="Zero based"/>
    <property name="line.separator" value="&#10;"/>
    <property name="java.specification.name" value="Java Platform API Specification"/>
    <property name="java.vm.specification.vendor" value="Oracle Corporation"/>
    <property name="surefire.real.class.path" value="/home/nas-wks01/users/uapv2001786/Bureau/TechTest/ceri-m1-techniques-de-test/target/surefire/surefirebooter-20241115091012662_3.jar"/>
    <property name="sun.management.compiler" value="HotSpot 64-Bit Tiered Compilers"/>
    <property name="java.runtime.version" value="21.0.1+12-29"/>
    <property name="user.name" value="uapv2001786"/>
    <property name="stdout.encoding" value="UTF-8"/>
    <property name="path.separator" value=":"/>
    <property name="os.version" value="6.8.0-41-generic"/>
    <property name="java.runtime.name" value="OpenJDK Runtime Environment"/>
    <property name="file.encoding" value="UTF-8"/>
    <property name="java.vm.name" value="OpenJDK 64-Bit Server VM"/>
    <property name="localRepository" value="/home/nas-wks01/users/uapv2001786/.m2/repository"/>
    <property name="java.vendor.url.bug" value="https://bugreport.java.com/bugreport/"/>
    <property name="java.io.tmpdir" value="/tmp"/>
    <property name="idea.version" value="2024.2.1"/>
    <property name="java.version" value="21.0.1"/>
    <property name="user.dir" value="/home/nas-wks01/users/uapv2001786/Bureau/TechTest/ceri-m1-techniques-de-test"/>
    <property name="os.arch" value="amd64"/>
    <property name="java.vm.specification.name" value="Java Virtual Machine Specification"/>
    <property name="native.encoding" value="UTF-8"/>
    <property name="java.library.path" value="/usr/java/packages/lib:/usr/lib64:/lib64:/lib:/usr/lib"/>
    <property name="java.vm.info" value="mixed mode, sharing"/>
    <property name="stderr.encoding" value="UTF-8"/>
    <property name="java.vendor" value="Oracle Corporation"/>
    <property name="java.vm.version" value="21.0.1+12-29"/>
    <property name="sun.io.unicode.encoding" value="UnicodeLittle"/>
    <property name="java.class.version" value="65.0"/>
  </properties>
  <testcase name="testCreateTrainer" classname="fr.univavignon.pokedex.api.IPokemonTrainerFactoryTest" time="0.077"/>
</testsuite>